CODE V> lis
      Double Gauss F/2 -  Available Glasses
                 RDY             THI     RMD       GLA           CCY   THC   GLC
 > OBJ:        INFINITY        INFINITY                          100   100
     1:        56.20238        8.750000       NSSK2_SCHOTT         0   100
     2:       152.28580        0.500000                            0   100
     3:        37.68262       12.500000       NSK2_SCHOTT          0   100
     4:        INFINITY        3.800000       F5_SCHOTT          100   100
     5:        24.23130       16.369445                            0     0
   STO:        INFINITY       13.747957                          100     0
     7:       -28.37731        3.800000       F5_SCHOTT            0   100
     8:        INFINITY       11.000000       NSK16_SCHOTT       100   100
     9:       -37.92546        0.500000                            0   100
    10:       177.41176        7.000000       NSK16_SCHOTT         0   100
    11:       -79.41143       61.487536                            0   PIM
   IMG:        INFINITY       -0.400269                          100     0
  
 SPECIFICATION DATA
    EPD       50.00000
    DIM             MM
    WL          656.30    587.60    486.10
    REF              2
    WTW              1         1         1
    XAN        0.00000       0.00000       0.00000
    YAN        0.00000      10.00000      14.00000
    WTF        1.00000       1.00000       1.00000
    VUY        0.00000       0.20000       0.40000
    VLY        0.00000       0.25000       0.40000
    POL            N
  
 REFRACTIVE INDICES
     GLASS CODE                    656.30       587.60       486.10
    NSSK2_SCHOTT                 1.618769     1.622292     1.630455
    NSK2_SCHOTT                  1.604134     1.607379     1.614860
    F5_SCHOTT                    1.598744     1.603417     1.614617
    NSK16_SCHOTT                 1.617271     1.620408     1.627559
  
 SOLVES
    PIM
  
 No pickups defined in system
  
  
 INFINITE CONJUGATES
    EFL       100.0038
    BFL        61.4875
    FFL       -29.3208
    FNO         2.0001
    IMG DIS    61.0873
    OAL        77.9674
    PARAXIAL IMAGE
     HT        24.9337
    ANG        14.0000
    ENTRANCE PUPIL
     DIA       50.0000
     THI       57.9120
    EXIT PUPIL
     DIA       57.3201
     THI      -53.1569
CODE V> fio
     Double Gauss F/2 -  Available Glasses
               Position  1, Wavelength =   587.6 NM
  
          HMY        UMY      N * IMY      HCY        UCY      N * ICY
  EP  25.000000   0.000000              0.000000   0.249328
   1  25.000000  -0.170628   0.444821 -14.439084   0.252237  -0.007584
   2  23.507005  -0.180751  -0.026390 -12.232008   0.359218   0.278896
   3  23.416630  -0.347265   0.440667 -12.052399   0.344338   0.039378
   4  19.075817  -0.348123  -0.558186  -7.748170   0.345189   0.553482
   5  17.752950  -0.116096   0.616549  -6.436452   0.393199   0.127574
 STO  15.852527  -0.116096  -0.116096   0.000000   0.393199   0.393199
   7  14.256448   0.116660  -0.618485   5.405685   0.316914   0.202706
   8  14.699756   0.115437   0.187054   6.609960   0.313591   0.508146
   9  15.969559  -0.074185  -0.495263  10.059465   0.343587   0.078344
  10  15.932466  -0.080166   0.015620  10.231259   0.189957   0.401257
  11  15.371307  -0.249991  -0.443556  11.560961   0.217488   0.071905
 IMG   0.100063  -0.249991             24.846684   0.217488
CODE V> tho
     Double Gauss F/2 -  Available Glasses
               Position  1, Wavelength =   587.6 NM
          SA         TCO        TAS        SAS        PTB        DST        AX         LAT        PTZ
   1  -1.040587   0.053227  -0.531277  -0.530672  -0.530370   0.009048  -0.320428   0.005463  -0.006825
   2  -0.002474   0.078453  -0.633384  -0.080636   0.195737   0.852194  -0.017875   0.188905   0.002519
   3  -0.320986  -0.086051  -0.786925  -0.781799  -0.779236  -0.069862  -0.275440  -0.024614  -0.010028
   4  -0.012707   0.037799  -0.037480  -0.012493   0.000000   0.012388   0.137441  -0.136283   0.000000
   5   1.363481   0.846376   1.382005   1.265253   1.206876   0.261800   0.433452   0.089688   0.015531
 STO   0.000000   0.000000   0.000000   0.000000   0.000000   0.000000   0.000000   0.000000   0.000000
   7   2.059866  -2.025339   1.694345   1.251814   1.030548  -0.410277   0.349174  -0.114441   0.013262
   8  -0.001561  -0.012725  -0.034567  -0.011522   0.000000  -0.031301   0.039049   0.106081   0.000000
   9  -1.139327   0.540680  -0.870024  -0.813005  -0.784496   0.128607  -0.200884   0.031777  -0.010095
  10   0.000192   0.014807   0.212677  -0.040909  -0.167702  -1.050920  -0.006321  -0.162376  -0.002158
  11  -1.212851   0.589843  -0.470280  -0.406534  -0.374661   0.065903  -0.173172   0.028073  -0.004821
  
 SUM  -0.306954   0.037071  -0.074910  -0.160505  -0.203302  -0.232420  -0.035003   0.012274  -0.002616
CODE V> ana
     ANA                                                                              29-Jun-17   9H 52M 23S
                                                 CODE V PC  Version: 10.8 SR1         CPU clock:  0H  8M  2S
ANA> ssp
ANA> go
 
  
     Double Gauss F/2 -  Available Glasses                                                POSITION 1
  
                           587.6 NM
                    X          Y          Z          TAN X      TAN Y   RAY  LENGTH    ANG INC    ANG REF
                                                                                        (DEG)      (DEG)
  
 OBJ            0.000000   0.000000   0.000000     0.000000   0.000000
   1           25.000000   0.000000   5.866433    -0.185302   0.000000   5.866433       26.41      15.91
   2           24.109772   0.000000   1.920632    -0.200953   0.000000   4.885983        1.39       2.25
   3           22.844992   0.000000   7.714534    -0.394267   0.000000   6.419725       25.96      15.80
   4           20.958242   0.000000   0.000000    -0.395393   0.000000   5.143978       21.52      21.57
   5           16.784894   0.000000   6.754936    -0.112583   0.000000  11.350044       22.27      37.42
   6           15.702464   0.000000   0.000000    -0.112583   0.000000   9.675248        6.42       6.42
   7           14.610682   0.000000  -4.050377     0.153430   0.000000   9.758844       37.41      22.27
   8           15.815163   0.000000   0.000000     0.151784   0.000000   7.942241        8.72       8.63
   9           16.882946   0.000000  -3.965091    -0.057039   0.000000   7.115484       17.80      29.70
  10           16.583956   0.000000   0.776812    -0.071127   0.000000   5.250422        2.10       1.30
  11           16.261006   0.000000  -1.682704    -0.258832   0.000000   4.551955       15.88      26.33
  
 RELATIVE STOP
  COORDINATES      RAY ABERRATIONS
    X     Y       DELTA X   DELTA Y     OPD
 FOCUS = (  0.400269)
  1.00  0.00     0.014138  0.000000  -3.137
  0.80  0.00    -0.012851  0.000000  -3.775
  0.60  0.00     0.007971  0.000000  -4.052
  0.40  0.00     0.022285  0.000000  -2.636
  
  
 OBJ            0.00E+00  -0.18E+12   0.00E+00     0.000000   0.176327
   1            0.000000 -10.199122   0.933171     0.000000   0.179473   0.947567        0.46       0.28
   2            0.000000  -8.751050   0.251646     0.000000   0.258633   8.197390        6.88      11.21
   3            0.000000  -8.439261   0.957169     0.000000   0.247689   1.245190        1.56       0.97
   4            0.000000  -5.580229   0.000000     0.000000   0.248339  11.891636       13.91      13.95
   5            0.000000  -4.530431   0.427286     0.000000   0.284179   4.355688        3.17       5.09
   6            0.000000   0.000000   0.000000     0.000000   0.284179  16.573390       15.86      15.86
   7            0.000000   3.832982  -0.260056     0.000000   0.227286  14.021955        8.10       5.04
   8            0.000000   4.755774   0.000000     0.000000   0.224781   4.163604       12.80      12.67
   9            0.000000   7.078566  -0.666442     0.000000   0.246647  10.591401        1.91       3.10
  10            0.000000   7.404392   0.154581     0.000000   0.132552   1.360612       16.25       9.94
  11            0.000000   8.254743  -0.430202     0.000000   0.150057   6.471330        1.58       2.57
  
  0.00  0.00    0.000000  17.485856   0.000000
 DISTORTION = -0.4976  PERCENT     EP DIST =  58.7753        ENTRANCE ANGLES = (  0.0000, 10.0000) DEGREES
 X-FOCUS, Y-FOCUS = (  0.107608,  0.235739)                      EXIT ANGLES = (  0.0000,  8.5339) DEGREES
  
  
 OBJ            0.00E+00  -0.18E+12   0.00E+00     0.000000   0.176327
   1            0.000000   9.787772   0.858843     0.000000   0.037696   0.872093       20.03      12.19
   2            0.000000  10.097867   0.335157     0.000000   0.103286   8.232156        5.96       9.70
   3            0.000000  10.261995   1.424224     0.000000  -0.043732   1.597520       21.70      13.30
   4            0.000000   9.777629   0.000000     0.000000  -0.043840  11.086362        2.50       2.51
   5            0.000000   9.525512   1.950803     0.000000   0.199164   5.756327       20.64      34.41
   6            0.000000  12.397180   0.000000     0.000000   0.199164  14.701827       11.26      11.26
   7            0.000000  14.358409  -3.900632     0.000000   0.336566  10.040729       19.13      11.80
   8            0.000000  16.950182   0.000000     0.000000   0.332644   8.125085       18.60      18.40
   9            0.000000  18.926111  -5.059933     0.000000   0.194862   6.260087       11.54      18.91
  10            0.000000  20.235135   1.157762     0.000000   0.073273   6.844046       17.58      10.74
  11            0.000000  20.466642  -2.682741     0.000000  -0.046251   3.167968       10.74      17.58
  
  0.00  0.79     0.000000  0.031363  -3.972
  0.00  0.64     0.000000  0.011892  -2.746
  0.00  0.48     0.000000  0.012639  -1.969
  0.00  0.32     0.000000  0.013509  -1.076
  
  0.00 -0.31     0.000000 -0.011619  -0.899
  0.00 -0.46     0.000000 -0.008997  -1.569
  0.00 -0.62     0.000000 -0.003534  -1.949
  
 OBJ            0.00E+00  -0.18E+12   0.00E+00     0.000000   0.176327
   1            0.000000 -27.814923   7.365534     0.000000   0.318993   7.479159       19.66      11.97
   2            0.000000 -26.625064   2.345576     0.000000   0.414152   3.915224        7.62      12.43
   3            0.000000 -23.861803   8.517672     0.000000   0.552822   7.221667       16.79      10.35
   4            0.000000 -21.660286   0.000000     0.000000   0.554607   4.550342       28.93      29.01
   5            0.000000 -16.138458   6.156286     0.000000   0.384678  11.385000       12.75      20.72
   6            0.000000 -12.209678   0.000000     0.000000   0.384678  10.942757       21.04      21.04
   7            0.000000  -7.287205  -0.951622     0.000000   0.115385  13.710468       35.92      21.46
   8            0.000000  -6.738941   0.000000     0.000000   0.114159   4.783148        6.58       6.51
   9            0.000000  -5.529458  -0.405257     0.000000   0.291165  10.663556       14.90      24.62
  10            0.000000  -5.243314   0.077499     0.000000   0.187265   1.023566       14.54       8.91
  11            0.000000  -3.965527  -0.099074     0.000000   0.350427   6.942038       13.47      22.17
  
  0.00 -0.78     0.000000 -0.010062  -2.241
  
  
 OBJ            0.00E+00  -0.18E+12   0.00E+00     0.000000   0.176327
   1           25.000000  -9.180390   6.710684    -0.188276   0.179744   6.814207       26.42      15.92
   2           24.207033  -8.423361   2.172405    -0.205955   0.260639   4.352066        7.01      11.41
   3           22.813382  -6.659673   8.439190    -0.404777   0.249244   7.130374       26.04      15.85
   4           21.169658  -5.647541   0.000000    -0.406004   0.250000   4.496267       25.42      25.49
   5           16.783340  -2.946639   7.003625    -0.112775   0.290747  11.968833       22.63      38.09
   6           15.727108  -0.223552   0.000000    -0.112775   0.290747   9.810679       17.32      17.32
   7           14.651350   2.549878  -4.208988     0.162435   0.219842   9.992051       38.52      22.85
   8           15.952291   4.310591   0.000000     0.160607   0.217368   8.302798       15.29      15.12
   9           16.995052   5.721879  -4.507368    -0.052651   0.245651   6.725575       17.87      29.81
  10           16.682332   7.180915   0.932110    -0.069185   0.132600   6.124049       16.28       9.96
  11           16.407589   7.707488  -2.096743    -0.258813   0.154776   4.015317       15.96      26.45
  
  1.00 -0.01     0.054750  0.001022   1.889
  0.80 -0.01    -0.021610  0.000410   2.286
  0.61  0.00    -0.017175  0.000054   0.415
  0.40  0.00    -0.001819 -0.000047  -0.351
  
  
 OBJ            0.00E+00  -0.25E+12   0.00E+00     0.000000   0.249328
   1            0.000000 -14.406114   1.877695     0.000000   0.255397   1.935178        0.85       0.53
   2            0.000000 -12.519301   0.515474     0.000000   0.372517   7.624915        9.61      15.72
   3            0.000000 -11.816984   1.900799     0.000000   0.356410   2.011889        2.16       1.34
   4            0.000000  -8.039321   0.000000     0.000000   0.357403  11.252280       19.62      19.67
   5            0.000000  -6.376000   0.853906     0.000000   0.410943   4.942214        4.41       7.08
   6            0.000000   0.000000   0.000000     0.000000   0.410943  16.774544       22.34      22.34
   7            0.000000   5.433835  -0.525108     0.000000   0.326061  14.295814       11.30       7.02
   8            0.000000   6.844083   0.000000     0.000000   0.322285   4.549215       18.06      17.86
   9            0.000000   9.960168  -1.331259     0.000000   0.354160  10.158472        2.64       4.28
  10            0.000000  10.723612   0.324390     0.000000   0.184778   2.286846       22.97      13.93
  11            0.000000  11.794375  -0.880748     0.000000   0.206467   5.892958        1.93       3.12
  
  0.00  0.00    0.000000  24.588739   0.000000
 DISTORTION = -1.0557  PERCENT     EP DIST =  59.6575        ENTRANCE ANGLES = (  0.0000, 14.0000) DEGREES
 X-FOCUS, Y-FOCUS = ( -0.131303,  0.034567)                      EXIT ANGLES = (  0.0000, 11.6658) DEGREES
  
  
 OBJ            0.00E+00  -0.25E+12   0.00E+00     0.000000   0.249328
   1            0.000000   0.125759   0.000141     0.000000   0.149905   0.000145       14.13       8.65
   2            0.000000   1.438429   0.006794     0.000000   0.254352   8.854494        9.07      14.81
   3            0.000000   1.572223   0.032813     0.000000   0.138480   0.542768       16.66      10.28
   4            0.000000   3.298678   0.000000     0.000000   0.138829  12.586159        7.88       7.90
   5            0.000000   3.869395   0.310939     0.000000   0.342921   4.150365       17.09      28.12
   6            0.000000   9.376192   0.000000     0.000000   0.342921  16.976467       18.93      18.93
   7            0.000000  13.008043  -3.157030     0.000000   0.405728  11.196342        8.36       5.20
   8            0.000000  15.830703   0.000000     0.000000   0.400786   7.507841       22.08      21.84
   9            0.000000  18.343202  -4.731070     0.000000   0.313311   6.753675        7.08      11.53
  10            0.000000  20.349002   1.170872     0.000000   0.139488   6.708807       23.98      14.53
  11            0.000000  20.776271  -2.766001     0.000000   0.059524   3.092783        7.23      11.76
  
  0.00  0.60     0.000000 -0.011679   0.894
  0.00  0.48     0.000000 -0.008925   0.370
  0.00  0.36     0.000000 -0.003905   0.060
  0.00  0.24     0.000000 -0.000406  -0.035
  
  0.00 -0.25     0.000000 -0.000522  -0.066
  0.00 -0.37     0.000000  0.001803  -0.042
  0.00 -0.50     0.000000  0.004843   0.122
  
 OBJ            0.00E+00  -0.25E+12   0.00E+00     0.000000   0.249328
   1            0.000000 -28.010010   7.477162     0.000000   0.367431   7.706065       15.89       9.72
   2            0.000000 -26.677096   2.354825     0.000000   0.500636   3.864789       10.09      16.51
   3            0.000000 -23.491264   8.218398     0.000000   0.604450   7.116502       11.97       7.41
   4            0.000000 -20.903251   0.000000     0.000000   0.606492   5.002992       31.15      31.24
   5            0.000000 -15.299002   5.440438     0.000000   0.496308  10.807095        7.92      12.76
   6            0.000000  -9.874843   0.000000     0.000000   0.496308  12.201012       26.40      26.40
   7            0.000000  -3.137991  -0.174035     0.000000   0.237605  15.153763       32.74      19.71
   8            0.000000  -2.193740   0.000000     0.000000   0.234975   4.084674       13.37      13.22
   9            0.000000   0.390516  -0.002011     0.000000   0.390820  11.297529       12.63      20.76
  10            0.000000   0.587092   0.000971     0.000000   0.229102   0.540030       21.54      13.09
  11            0.000000   2.183703  -0.030030     0.000000   0.366650   7.149553       11.33      18.56
  
  0.00 -0.63     0.000000  0.003625   0.361
  
  
 OBJ            0.00E+00  -0.25E+12   0.00E+00     0.000000   0.249328
   1           25.000000 -12.986720   7.570573    -0.191290   0.255919   7.802336       26.43      15.92
   2           24.308178 -12.061158   2.437190    -0.211138   0.375690   3.796736        9.70      15.86
   3           22.783140  -9.347566   9.160149    -0.415726   0.358991   7.865141       26.11      15.89
   4           21.394677  -8.148589   0.000000    -0.417065   0.360147   3.810510       28.78      28.86
   5           16.783147  -4.166402   7.257112    -0.112921   0.421165  12.624728       22.96      38.72
   6           15.754175  -0.328604   0.000000    -0.112921   0.421165   9.940930       23.56      23.56
   7           14.695540   3.619826  -4.372943     0.171784   0.315011  10.227497       39.55      23.40
   8           16.099525   6.194395   0.000000     0.169755   0.311290   8.683120       19.74      19.52
   9           17.109703   8.046817  -5.049217    -0.048037   0.352610   6.313774       17.93      29.92
  10           16.790182  10.392211   1.102304    -0.067266   0.184927   7.060148       22.91      13.90
  11           16.563765  11.014676  -2.531694    -0.258613   0.213120   3.430554       15.99      26.51
  
  1.00 -0.02     0.111063 -0.015573   3.840
  0.81 -0.01    -0.018776 -0.008981   6.398
  0.61 -0.01    -0.034048 -0.004865   3.787
  0.40  0.00    -0.020576 -0.002149   1.447
ANA> go
CODE V> out t
